<?xml version="1.0" encoding="UTF-8"?>
<!-- Generated by org.testng.reporters.JUnitXMLReporter -->
<testsuite ignored="1" hostname="ISAJUDEH" failures="0" tests="2" name="Surefire test" time="7.36" errors="0" timestamp="2023-05-25T18:39:38 EEST">
  <testcase classname="com.qacart.todo.testcases.TodoTest" name="ShouldBeAbleToDeleteTodo" time="4.808"/>
  <testcase classname="com.qacart.todo.testcases.TodoTest" name="ShouldBeAbleToAddNewToDo" time="4.989"/>
  <testcase classname="com.qacart.todo.testcases.LoginTest" name="ShouldBeAbleToLoginWithEmailAndPassword" time="0.0">
    <ignored/>
  </testcase> <!-- ShouldBeAbleToLoginWithEmailAndPassword -->
</testsuite> <!-- Surefire test -->
