<?xml version="1.0" encoding="UTF-8"?>
<testsuite xmlns:xsi="http://www.w3.org/2001/XMLSchema-instance" xsi:noNamespaceSchemaLocation="https://maven.apache.org/surefire/maven-surefire-plugin/xsd/surefire-test-report-3.0.xsd" version="3.0" name="TestSuite" time="8.239" tests="2" errors="0" skipped="0" failures="0">
  <properties>
[...]
</properties>
  <testcase name="ShouldBeAbleToDeleteTodo" classname="com.qacart.todo.testcases.TodoTest" time="4.81">
    <system-out><![CDATA[HTTP/1.1 201 Created
Server: Cowboy
Connection: keep-alive
X-Powered-By: Express
Access-Control-Allow-Origin: *
Set-Cookie: access_token=eyJhbGciOiJIUzI1NiIsInR5cCI6IkpXVCJ9.eyJpZCI6IjY0NmY4MTM2ZDgzNmRkMDAxNDU1NTQ3ZiIsImZpcnN0TmFtZSI6IlBlZ2dpZSIsImxhc3ROYW1lIjoiTW9lbiIsImlhdCI6MTY4NTAyOTE3NH0.ZK8oeVPc1iyd71eeklLZ2g3DSqsQ1_1U7Pm72Q-LWzE; Path=/
Set-Cookie: userID=j%3A%22646f8136d836dd001455547f%22; Path=/
Set-Cookie: firstName=Peggie; Path=/
Content-Type: application/json; charset=utf-8
Content-Length: 276
Etag: W/"114-XZ1VyvUh+NBrlbPodk2DMEjmcok"
Date: Thu, 25 May 2023 15:39:34 GMT
Via: 1.1 vegur

{
    "access_token": "eyJhbGciOiJIUzI1NiIsInR5cCI6IkpXVCJ9.eyJpZCI6IjY0NmY4MTM2ZDgzNmRkMDAxNDU1NTQ3ZiIsImZpcnN0TmFtZSI6IlBlZ2dpZSIsImxhc3ROYW1lIjoiTW9lbiIsImlhdCI6MTY4NTAyOTE3NH0.ZK8oeVPc1iyd71eeklLZ2g3DSqsQ1_1U7Pm72Q-LWzE",
    "userID": "646f8136d836dd001455547f",
    "firstName": "Peggie"
}
HTTP/1.1 201 Created
Server: Cowboy
Connection: keep-alive
X-Powered-By: Express
Access-Control-Allow-Origin: *
Set-Cookie: access_token=eyJhbGciOiJIUzI1NiIsInR5cCI6IkpXVCJ9.eyJpZCI6IjY0NmY4MTM2ZDgzNmRkMDAxNDU1NTQ4MSIsImZpcnN0TmFtZSI6IkV0aGEiLCJsYXN0TmFtZSI6IkpvaG5zIiwiaWF0IjoxNjg1MDI5MTc0fQ.pm5VEUdxOhmxXkk6Bygc-JRqd7QESO2aD15R2nJIWLc; Path=/
Set-Cookie: userID=j%3A%22646f8136d836dd0014555481%22; Path=/
Set-Cookie: firstName=Etha; Path=/
Content-Type: application/json; charset=utf-8
Content-Length: 273
Etag: W/"111-0zNanwcddwwmLtC7ZeUHgtjDIM4"
Date: Thu, 25 May 2023 15:39:34 GMT
Via: 1.1 vegur

{
    "access_token": "eyJhbGciOiJIUzI1NiIsInR5cCI6IkpXVCJ9.eyJpZCI6IjY0NmY4MTM2ZDgzNmRkMDAxNDU1NTQ4MSIsImZpcnN0TmFtZSI6IkV0aGEiLCJsYXN0TmFtZSI6IkpvaG5zIiwiaWF0IjoxNjg1MDI5MTc0fQ.pm5VEUdxOhmxXkk6Bygc-JRqd7QESO2aD15R2nJIWLc",
    "userID": "646f8136d836dd0014555481",
    "firstName": "Etha"
}
HTTP/1.1 201 Created
Server: Cowboy
Connection: keep-alive
X-Powered-By: Express
Access-Control-Allow-Origin: *
Content-Type: application/json; charset=utf-8
Content-Length: 183
Etag: W/"b7-WcLPN1vLBW0p89OFjKqhDkqu75I"
Date: Thu, 25 May 2023 15:39:36 GMT
Via: 1.1 vegur

{
    "isCompleted": false,
    "_id": "646f8138d836dd0014555483",
    "item": "Senior Implementation Representative",
    "userID": "646f8136d836dd001455547f",
    "createdAt": "2023-05-25T15:39:36.351Z",
    "__v": 0
}
HTTP/1.1 201 Created
Server: Cowboy
Connection: keep-alive
X-Powered-By: Express
Access-Control-Allow-Origin: *
Content-Type: application/json; charset=utf-8
Content-Length: 174
Etag: W/"ae-/ISuLSypXeMbfrypzSO5KZttybA"
Date: Thu, 25 May 2023 15:39:36 GMT
Via: 1.1 vegur

{
    "isCompleted": false,
    "_id": "646f8138d836dd0014555485",
    "item": "Investor Metrics Technician",
    "userID": "646f8136d836dd0014555481",
    "createdAt": "2023-05-25T15:39:36.703Z",
    "__v": 0
}
]]></system-out>
    <system-err><![CDATA[SLF4J: No SLF4J providers were found.
SLF4J: Defaulting to no-operation (NOP) logger implementation
SLF4J: See https://www.slf4j.org/codes.html#noProviders for further details.
Starting ChromeDriver 113.0.5672.63 (0e1a4471d5ae5bf128b1bd8f4d627c8cbd55f70c-refs/bSratncahr-tinhgeads/ 56C72@{hrome#Driv912er} )1 1o3n.0. 5672p.6o3 r(t0e1a4471d5 a3e554b8f912
8Obn1lbyd 8lfo4cda627c8clbd55 fc7o0c-nrnefesc/tions arbe raanllch-ohweads/5672@e{d.#9
1P2le}a)s eon p orste e40 103htt
pOsn:l/y/ clhorcoamle dcronnectioins arve earll.ocwherdo.mi
uPml.eaosrg/e sseeceu rihttty-pcso:n/s/icdherroations for smuggestiones odnr ikveepieng rCh.rcohmerDormiveriu m.org/ssecuritya-considferatioens .for 
suggestions on keeping ChromeDriver safe.
ChromeDriver wCahsr stoamretDerdi vseurcc ewsassf usltalryt.ed
 successfully.
May 25, 2023 6:39:33 PM org.openqa.selenium.devtools.CdpVersionFinder findNearestMatch
WARNING: Unable to find an exact match for CDP version 113, so returning the closest version found: 112
May 25, 2023 6:39:33 PM org.openqa.selenium.devtools.CdpVersionFinder findNearestMatch
WARNING: Unable to find an exact match for CDP version 113, so returning the closest version found: 112
]]></system-err>
  </testcase>
  <testcase name="ShouldBeAbleToAddNewToDo" classname="com.qacart.todo.testcases.TodoTest" time="4.99">
    <system-err><![CDATA[May 25, 2023 6:39:38 PM org.openqa.selenium.remote.http.WebSocket$Listener onError
WARNING: Connection reset
java.net.SocketException: Connection reset
	at java.base/sun.nio.ch.SocketChannelImpl.throwConnectionReset(SocketChannelImpl.java:394)
	at java.base/sun.nio.ch.SocketChannelImpl.read(SocketChannelImpl.java:426)
	at io.netty.buffer.PooledByteBuf.setBytes(PooledByteBuf.java:256)
	at io.netty.buffer.AbstractByteBuf.writeBytes(AbstractByteBuf.java:1132)
	at io.netty.channel.socket.nio.NioSocketChannel.doReadBytes(NioSocketChannel.java:357)
	at io.netty.channel.nio.AbstractNioByteChannel$NioByteUnsafe.read(AbstractNioByteChannel.java:151)
	at io.netty.channel.nio.NioEventLoop.processSelectedKey(NioEventLoop.java:788)
	at io.netty.channel.nio.NioEventLoop.processSelectedKeysOptimized(NioEventLoop.java:724)
	at io.netty.channel.nio.NioEventLoop.processSelectedKeys(NioEventLoop.java:650)
	at io.netty.channel.nio.NioEventLoop.run(NioEventLoop.java:562)
	at io.netty.util.concurrent.SingleThreadEventExecutor$4.run(SingleThreadEventExecutor.java:997)
	at io.netty.util.internal.ThreadExecutorMap$2.run(ThreadExecutorMap.java:74)
	at io.netty.util.concurrent.FastThreadLocalRunnable.run(FastThreadLocalRunnable.java:30)
	at java.base/java.lang.Thread.run(Thread.java:833)

]]></system-err>
  </testcase>
</testsuite>