<?xml version="1.0" encoding="UTF-8"?>
<testng-results ignored="1" total="3" passed="2" failed="0" skipped="0">
  <reporter-output>
  </reporter-output>
  <suite started-at="2023-05-25T18:39:31 EEST" name="Surefire suite" finished-at="2023-05-25T18:39:38 EEST" duration-ms="7360">
    <groups>
    </groups>
    <test started-at="2023-05-25T18:39:31 EEST" name="Surefire test" finished-at="2023-05-25T18:39:38 EEST" duration-ms="7360">
      <class name="com.qacart.todo.testcases.TodoTest">
        <test-method is-config="true" signature="Setup()[pri:0, instance:com.qacart.todo.testcases.TodoTest@2cfbeac4]" started-at="2023-05-25T18:39:31 EEST" name="Setup" finished-at="2023-05-25T18:39:33 EEST" duration-ms="2036" status="PASS">
          <reporter-output>
          </reporter-output>
        </test-method> <!-- Setup -->
        <test-method is-config="true" signature="Setup()[pri:0, instance:com.qacart.todo.testcases.TodoTest@2cfbeac4]" started-at="2023-05-25T18:39:31 EEST" name="Setup" finished-at="2023-05-25T18:39:33 EEST" duration-ms="2036" status="PASS">
          <reporter-output>
          </reporter-output>
        </test-method> <!-- Setup -->
        <test-method signature="ShouldBeAbleToAddNewToDo()[pri:0, instance:com.qacart.todo.testcases.TodoTest@2cfbeac4]" started-at="2023-05-25T18:39:33 EEST" name="ShouldBeAbleToAddNewToDo" description="Should Be Able To ADD a New ToDo Correctly" finished-at="2023-05-25T18:39:38 EEST" duration-ms="4989" status="PASS">
          <reporter-output>
          </reporter-output>
        </test-method> <!-- ShouldBeAbleToAddNewToDo -->
        <test-method signature="ShouldBeAbleToDeleteTodo()[pri:0, instance:com.qacart.todo.testcases.TodoTest@2cfbeac4]" started-at="2023-05-25T18:39:33 EEST" name="ShouldBeAbleToDeleteTodo" description="Should Be Able To Delete a ToDo Correctly" finished-at="2023-05-25T18:39:38 EEST" duration-ms="4808" status="PASS">
          <reporter-output>
          </reporter-output>
        </test-method> <!-- ShouldBeAbleToDeleteTodo -->
        <test-method is-config="true" signature="TearDown(org.testng.ITestResult)[pri:0, instance:com.qacart.todo.testcases.TodoTest@2cfbeac4]" started-at="2023-05-25T18:39:38 EEST" name="TearDown" finished-at="2023-05-25T18:39:38 EEST" duration-ms="183" status="PASS">
          <params>
            <param index="0">
              <value>
                <![CDATA[[TestResult name=ShouldBeAbleToDeleteTodo status=SUCCESS method=TodoTest.ShouldBeAbleToDeleteTodo()[pri:0, instance:com.qacart.todo.testcases.TodoTest@2cfbeac4] output={null}]]]>
              </value>
            </param>
          </params>
          <reporter-output>
          </reporter-output>
        </test-method> <!-- TearDown -->
        <test-method is-config="true" signature="TearDown(org.testng.ITestResult)[pri:0, instance:com.qacart.todo.testcases.TodoTest@2cfbeac4]" started-at="2023-05-25T18:39:38 EEST" name="TearDown" finished-at="2023-05-25T18:39:38 EEST" duration-ms="180" status="PASS">
          <params>
            <param index="0">
              <value>
                <![CDATA[[TestResult name=ShouldBeAbleToAddNewToDo status=SUCCESS method=TodoTest.ShouldBeAbleToAddNewToDo()[pri:0, instance:com.qacart.todo.testcases.TodoTest@2cfbeac4] output={null}]]]>
              </value>
            </param>
          </params>
          <reporter-output>
          </reporter-output>
        </test-method> <!-- TearDown -->
      </class> <!-- com.qacart.todo.testcases.TodoTest -->
    </test> <!-- Surefire test -->
  </suite> <!-- Surefire suite -->
</testng-results>
